<?xml version="1.0" encoding="UTF-8"?>
<!-- Generated by org.testng.reporters.JUnitXMLReporter -->
<testsuite ignored="0" hostname="LAPTOP-KA6KLE0J" failures="0" tests="1" name="Test" time="3.077" errors="0" timestamp="2024-03-13T11:16:16 IST">
  <testcase classname="com.boing.generic.BaseClass" name="@BeforeMethod login" time="0.003">
    <failure type="java.io.FileNotFoundException" message="scr\test\resources\commondata.property.txt (The system cannot find the path specified)">
      <![CDATA[java.io.FileNotFoundException: scr\test\resources\commondata.property.txt (The system cannot find the path specified)
at java.base/java.io.FileInputStream.open0(Native Method)
at java.base/java.io.FileInputStream.open(FileInputStream.java:216)
at java.base/java.io.FileInputStream.<init>(FileInputStream.java:157)
at java.base/java.io.FileInputStream.<init>(FileInputStream.java:111)
at com.boing.generic.FileLib.getPropertyData(FileLib.java:16)
at com.boing.generic.BaseClass.login(BaseClass.java:42)
at java.base/java.util.ArrayList.forEach(ArrayList.java:1511)
... Removed 31 stack frames]]>
    </failure>
  </testcase> <!-- @BeforeMethod login -->
  <testcase classname="com.boing.generic.BaseClass" name="@AfterMethod logout" time="0.0">
    <skipped/>
  </testcase> <!-- @AfterMethod logout -->
  <testcase classname="com.boing.generic.BaseClass" name="@AfterClass closebrowser" time="0.0">
    <skipped/>
  </testcase> <!-- @AfterClass closebrowser -->
  <testcase classname="com.boing.testscripts.Search" name="testSearch" time="0.0">
    <skipped/>
  </testcase> <!-- testSearch -->
</testsuite> <!-- Test -->
